{"/Users/marton.verhoczki/shadow/project-tay-tay/tay-tay-client/jest.setup.js": {"path":"/Users/marton.verhoczki/shadow/project-tay-tay/tay-tay-client/jest.setup.js","all":true,"statementMap":{"0":{"start":{"line":1,"column":0},"end":{"line":1,"column":35}}},"s":{"0":0},"branchMap":{"0":{"type":"branch","line":1,"loc":{"start":{"line":1,"column":0},"end":{"line":1,"column":35}},"locations":[{"start":{"line":1,"column":0},"end":{"line":1,"column":35}}]}},"b":{"0":[0]},"fnMap":{"0":{"name":"(empty-report)","decl":{"start":{"line":1,"column":0},"end":{"line":1,"column":35}},"loc":{"start":{"line":1,"column":0},"end":{"line":1,"column":35}},"line":1}},"f":{"0":0}}
,"/Users/marton.verhoczki/shadow/project-tay-tay/tay-tay-client/src/App.jsx": {"path":"/Users/marton.verhoczki/shadow/project-tay-tay/tay-tay-client/src/App.jsx","all":false,"statementMap":{"0":{"start":{"line":1,"column":0},"end":{"line":1,"column":38}},"1":{"start":{"line":2,"column":0},"end":{"line":2,"column":27}},"3":{"start":{"line":4,"column":0},"end":{"line":4,"column":19}},"4":{"start":{"line":5,"column":0},"end":{"line":5,"column":43}},"6":{"start":{"line":7,"column":0},"end":{"line":7,"column":41}},"7":{"start":{"line":8,"column":0},"end":{"line":8,"column":40}},"8":{"start":{"line":9,"column":0},"end":{"line":9,"column":22}},"9":{"start":{"line":10,"column":0},"end":{"line":10,"column":4}},"11":{"start":{"line":12,"column":0},"end":{"line":12,"column":38}},"12":{"start":{"line":13,"column":0},"end":{"line":13,"column":43}},"13":{"start":{"line":14,"column":0},"end":{"line":14,"column":22}},"14":{"start":{"line":15,"column":0},"end":{"line":15,"column":4}},"16":{"start":{"line":17,"column":0},"end":{"line":17,"column":40}},"17":{"start":{"line":18,"column":0},"end":{"line":18,"column":34}},"18":{"start":{"line":19,"column":0},"end":{"line":19,"column":4}},"20":{"start":{"line":21,"column":0},"end":{"line":21,"column":35}},"21":{"start":{"line":22,"column":0},"end":{"line":22,"column":27}},"22":{"start":{"line":23,"column":0},"end":{"line":23,"column":21}},"23":{"start":{"line":24,"column":0},"end":{"line":24,"column":4}},"25":{"start":{"line":26,"column":0},"end":{"line":26,"column":10}},"26":{"start":{"line":27,"column":0},"end":{"line":27,"column":6}},"27":{"start":{"line":28,"column":0},"end":{"line":28,"column":30}},"28":{"start":{"line":29,"column":0},"end":{"line":29,"column":55}},"29":{"start":{"line":30,"column":0},"end":{"line":30,"column":62}},"30":{"start":{"line":31,"column":0},"end":{"line":31,"column":36}},"31":{"start":{"line":32,"column":0},"end":{"line":32,"column":14}},"32":{"start":{"line":33,"column":0},"end":{"line":33,"column":21}},"33":{"start":{"line":34,"column":0},"end":{"line":34,"column":31}},"34":{"start":{"line":35,"column":0},"end":{"line":35,"column":24}},"35":{"start":{"line":36,"column":0},"end":{"line":36,"column":38}},"36":{"start":{"line":37,"column":0},"end":{"line":37,"column":10}},"37":{"start":{"line":38,"column":0},"end":{"line":38,"column":47}},"38":{"start":{"line":39,"column":0},"end":{"line":39,"column":13}},"39":{"start":{"line":40,"column":0},"end":{"line":40,"column":7}},"41":{"start":{"line":42,"column":0},"end":{"line":42,"column":2}},"43":{"start":{"line":44,"column":0},"end":{"line":44,"column":19}}},"s":{"0":1,"1":1,"3":1,"4":1,"6":1,"7":0,"8":0,"9":0,"11":1,"12":0,"13":0,"14":0,"16":1,"17":0,"18":0,"20":1,"21":0,"22":0,"23":0,"25":1,"26":1,"27":1,"28":1,"29":1,"30":1,"31":1,"32":1,"33":1,"34":1,"35":1,"36":1,"37":1,"38":1,"39":1,"41":1,"43":1},"branchMap":{"0":{"type":"branch","line":4,"loc":{"start":{"line":4,"column":12},"end":{"line":42,"column":2}},"locations":[{"start":{"line":4,"column":12},"end":{"line":42,"column":2}}]}},"b":{"0":[1]},"fnMap":{"0":{"name":"App","decl":{"start":{"line":4,"column":12},"end":{"line":42,"column":2}},"loc":{"start":{"line":4,"column":12},"end":{"line":42,"column":2}},"line":4},"1":{"name":"createUserHandler","decl":{"start":{"line":7,"column":28},"end":{"line":10,"column":4}},"loc":{"start":{"line":7,"column":28},"end":{"line":10,"column":4}},"line":7},"2":{"name":"getUserHandler","decl":{"start":{"line":12,"column":25},"end":{"line":15,"column":4}},"loc":{"start":{"line":12,"column":25},"end":{"line":15,"column":4}},"line":12},"3":{"name":"handleInputChange","decl":{"start":{"line":17,"column":28},"end":{"line":19,"column":4}},"loc":{"start":{"line":17,"column":28},"end":{"line":19,"column":4}},"line":17},"4":{"name":"handleSubmit","decl":{"start":{"line":21,"column":23},"end":{"line":24,"column":4}},"loc":{"start":{"line":21,"column":23},"end":{"line":24,"column":4}},"line":21}},"f":{"0":1,"1":0,"2":0,"3":0,"4":0}}
,"/Users/marton.verhoczki/shadow/project-tay-tay/tay-tay-client/src/api.js": {"path":"/Users/marton.verhoczki/shadow/project-tay-tay/tay-tay-client/src/api.js","all":false,"statementMap":{"0":{"start":{"line":1,"column":0},"end":{"line":1,"column":77}},"1":{"start":{"line":2,"column":0},"end":{"line":2,"column":0}},"2":{"start":{"line":3,"column":0},"end":{"line":3,"column":11}},"3":{"start":{"line":4,"column":0},"end":{"line":4,"column":39}},"4":{"start":{"line":5,"column":0},"end":{"line":5,"column":27}},"5":{"start":{"line":6,"column":0},"end":{"line":6,"column":43}},"6":{"start":{"line":7,"column":0},"end":{"line":7,"column":3}},"7":{"start":{"line":8,"column":0},"end":{"line":8,"column":0}},"8":{"start":{"line":9,"column":0},"end":{"line":9,"column":41}},"9":{"start":{"line":10,"column":0},"end":{"line":10,"column":44}},"10":{"start":{"line":11,"column":0},"end":{"line":11,"column":44}},"11":{"start":{"line":12,"column":0},"end":{"line":12,"column":28}},"12":{"start":{"line":13,"column":0},"end":{"line":13,"column":16}},"13":{"start":{"line":14,"column":0},"end":{"line":14,"column":43}},"14":{"start":{"line":15,"column":0},"end":{"line":15,"column":8}},"15":{"start":{"line":16,"column":0},"end":{"line":16,"column":6}},"16":{"start":{"line":17,"column":0},"end":{"line":17,"column":0}},"17":{"start":{"line":18,"column":0},"end":{"line":18,"column":58}},"18":{"start":{"line":19,"column":0},"end":{"line":19,"column":0}},"19":{"start":{"line":20,"column":0},"end":{"line":20,"column":9}},"20":{"start":{"line":21,"column":0},"end":{"line":21,"column":55}},"21":{"start":{"line":22,"column":0},"end":{"line":22,"column":25}},"22":{"start":{"line":23,"column":0},"end":{"line":23,"column":66}},"23":{"start":{"line":24,"column":0},"end":{"line":24,"column":7}},"24":{"start":{"line":25,"column":0},"end":{"line":25,"column":35}},"25":{"start":{"line":26,"column":0},"end":{"line":26,"column":21}},"26":{"start":{"line":27,"column":0},"end":{"line":27,"column":49}},"27":{"start":{"line":28,"column":0},"end":{"line":28,"column":18}},"28":{"start":{"line":29,"column":0},"end":{"line":29,"column":5}},"29":{"start":{"line":30,"column":0},"end":{"line":30,"column":3}},"30":{"start":{"line":31,"column":0},"end":{"line":31,"column":0}},"31":{"start":{"line":32,"column":0},"end":{"line":32,"column":25}},"32":{"start":{"line":33,"column":0},"end":{"line":33,"column":61}},"33":{"start":{"line":34,"column":0},"end":{"line":34,"column":3}},"34":{"start":{"line":35,"column":0},"end":{"line":35,"column":0}},"35":{"start":{"line":36,"column":0},"end":{"line":36,"column":30}},"36":{"start":{"line":37,"column":0},"end":{"line":37,"column":35}},"37":{"start":{"line":38,"column":0},"end":{"line":38,"column":21}},"38":{"start":{"line":39,"column":0},"end":{"line":39,"column":37}},"39":{"start":{"line":40,"column":0},"end":{"line":40,"column":7}},"40":{"start":{"line":41,"column":0},"end":{"line":41,"column":3}},"41":{"start":{"line":42,"column":0},"end":{"line":42,"column":1}},"42":{"start":{"line":43,"column":0},"end":{"line":43,"column":0}},"43":{"start":{"line":44,"column":0},"end":{"line":44,"column":22}},"44":{"start":{"line":45,"column":0},"end":{"line":45,"column":19}}},"s":{"0":1,"1":1,"2":1,"3":1,"4":2,"5":2,"6":2,"7":1,"8":1,"9":0,"10":0,"11":0,"12":0,"13":0,"14":0,"15":0,"16":0,"17":0,"18":0,"19":0,"20":0,"21":0,"22":0,"23":0,"24":0,"25":0,"26":0,"27":0,"28":0,"29":0,"30":1,"31":1,"32":0,"33":0,"34":1,"35":1,"36":0,"37":0,"38":0,"39":0,"40":0,"41":1,"42":1,"43":1,"44":1},"branchMap":{"0":{"type":"branch","line":4,"loc":{"start":{"line":4,"column":2},"end":{"line":7,"column":3}},"locations":[{"start":{"line":4,"column":2},"end":{"line":7,"column":3}}]}},"b":{"0":[2]},"fnMap":{"0":{"name":"Api","decl":{"start":{"line":4,"column":2},"end":{"line":7,"column":3}},"loc":{"start":{"line":4,"column":2},"end":{"line":7,"column":3}},"line":4},"1":{"name":"request","decl":{"start":{"line":9,"column":2},"end":{"line":30,"column":3}},"loc":{"start":{"line":9,"column":2},"end":{"line":30,"column":3}},"line":9},"2":{"name":"getUser","decl":{"start":{"line":32,"column":2},"end":{"line":34,"column":3}},"loc":{"start":{"line":32,"column":2},"end":{"line":34,"column":3}},"line":32},"3":{"name":"createUser","decl":{"start":{"line":36,"column":2},"end":{"line":41,"column":3}},"loc":{"start":{"line":36,"column":2},"end":{"line":41,"column":3}},"line":36}},"f":{"0":2,"1":0,"2":0,"3":0}}
,"/Users/marton.verhoczki/shadow/project-tay-tay/tay-tay-client/src/main.jsx": {"path":"/Users/marton.verhoczki/shadow/project-tay-tay/tay-tay-client/src/main.jsx","all":true,"statementMap":{"0":{"start":{"line":1,"column":0},"end":{"line":1,"column":26}},"1":{"start":{"line":2,"column":0},"end":{"line":2,"column":40}},"2":{"start":{"line":3,"column":0},"end":{"line":3,"column":28}},"4":{"start":{"line":5,"column":0},"end":{"line":5,"column":60}},"5":{"start":{"line":6,"column":0},"end":{"line":6,"column":22}},"6":{"start":{"line":7,"column":0},"end":{"line":7,"column":13}},"7":{"start":{"line":8,"column":0},"end":{"line":8,"column":24}},"8":{"start":{"line":9,"column":0},"end":{"line":9,"column":2}}},"s":{"0":0,"1":0,"2":0,"4":0,"5":0,"6":0,"7":0,"8":0},"branchMap":{"0":{"type":"branch","line":1,"loc":{"start":{"line":1,"column":223},"end":{"line":9,"column":2}},"locations":[{"start":{"line":1,"column":223},"end":{"line":9,"column":2}}]}},"b":{"0":[0]},"fnMap":{"0":{"name":"(empty-report)","decl":{"start":{"line":1,"column":223},"end":{"line":9,"column":2}},"loc":{"start":{"line":1,"column":223},"end":{"line":9,"column":2}},"line":1}},"f":{"0":0}}
}
